#
# There is insufficient memory for the Java Runtime Environment to continue.
# Native memory allocation (malloc) failed to allocate 1108096 bytes for Chunk::new
# Possible reasons:
#   The system is out of physical RAM or swap space
#   The process is running with CompressedOops enabled, and the Java Heap may be blocking the growth of the native heap
# Possible solutions:
#   Reduce memory load on the system
#   Increase physical memory or swap space
#   Check if swap backing store is full
#   Decrease Java heap size (-Xmx/-Xms)
#   Decrease number of Java threads
#   Decrease Java thread stack sizes (-Xss)
#   Set larger code cache with -XX:ReservedCodeCacheSize=
#   JVM is running with Unscaled Compressed Oops mode in which the Java heap is
#     placed in the first 4GB address space. The Java Heap base address is the
#     maximum limit for the native heap growth. Please use -XX:HeapBaseMinAddress
#     to set the Java Heap base and to place the Java Heap above 4GB virtual address.
# This output file may be truncated or incomplete.
#
#  Out of Memory Error (allocation.cpp:389), pid=8392, tid=0x0000000000000c50
#
# JRE version: OpenJDK Runtime Environment (8.0_242-b01) (build 1.8.0_242-release-1644-b01)
# Java VM: OpenJDK 64-Bit Server VM (25.242-b01 mixed mode windows-amd64 compressed oops)
# Failed to write core dump. Minidumps are not enabled by default on client versions of Windows
#

---------------  T H R E A D  ---------------

Current thread (0x000000001660a000):  JavaThread "C2 CompilerThread0" daemon [_thread_in_native, id=3152, stack(0x0000000019340000,0x0000000019440000)]

Stack: [0x0000000019340000,0x0000000019440000]
[error occurred during error reporting (printing stack bounds), id 0xc0000005]

Native frames: (J=compiled Java code, j=interpreted, Vv=VM code, C=native code)


Current CompileTask:
C2:  63022 9460       4       org.gradle.internal.graph.CachingDirectedGraphWalker::doSearch (659 bytes)


---------------  P R O C E S S  ---------------

Java Threads: ( => current thread )
  0x0000000019be8800 JavaThread "Cache worker for execution history cache (D:\project\PROJECT\flutter_alarm_clock\android\.gradle\5.6.2\executionHistory)" [_thread_blocked, id=1348, stack(0x0000000028ed0000,0x0000000028fd0000)]
  0x0000000021bb3000 JavaThread "Execution worker for ':' Thread 11" [_thread_blocked, id=3012, stack(0x0000000028cb0000,0x0000000028db0000)]
  0x0000000021bae800 JavaThread "Execution worker for ':' Thread 10" [_thread_blocked, id=8908, stack(0x0000000028bb0000,0x0000000028cb0000)]
  0x0000000021bb2800 JavaThread "Execution worker for ':' Thread 9" [_thread_blocked, id=13256, stack(0x0000000028580000,0x0000000028680000)]
  0x0000000021bb1800 JavaThread "Execution worker for ':' Thread 8" [_thread_blocked, id=16964, stack(0x0000000028480000,0x0000000028580000)]
  0x0000000021ba8800 JavaThread "Execution worker for ':' Thread 7" [_thread_blocked, id=17120, stack(0x0000000028380000,0x0000000028480000)]
  0x0000000021bae000 JavaThread "Execution worker for ':' Thread 6" [_thread_blocked, id=11044, stack(0x0000000028280000,0x0000000028380000)]
  0x0000000021ba6800 JavaThread "Execution worker for ':' Thread 5" [_thread_blocked, id=13348, stack(0x0000000028180000,0x0000000028280000)]
  0x0000000021bad000 JavaThread "Execution worker for ':' Thread 4" [_thread_blocked, id=16564, stack(0x0000000028080000,0x0000000028180000)]
  0x0000000021ba8000 JavaThread "Execution worker for ':' Thread 3" [_thread_blocked, id=10440, stack(0x0000000027f80000,0x0000000028080000)]
  0x0000000021baa000 JavaThread "Execution worker for ':' Thread 2" [_thread_blocked, id=13940, stack(0x0000000027e80000,0x0000000027f80000)]
  0x0000000021ba7000 JavaThread "Execution worker for ':'" [_thread_blocked, id=1176, stack(0x0000000027d80000,0x0000000027e80000)]
  0x0000000021bac800 JavaThread "Cache worker for file content cache (D:\project\PROJECT\flutter_alarm_clock\android\.gradle\5.6.2\fileContent)" [_thread_blocked, id=3768, stack(0x0000000027c80000,0x0000000027d80000)]
  0x0000000021ba5000 JavaThread "Cache worker for Build Output Cleanup Cache (D:\project\PROJECT\flutter_alarm_clock\android\.gradle\buildOutputCleanup)" [_thread_blocked, id=13052, stack(0x0000000027970000,0x0000000027a70000)]
  0x0000000021ba9800 JavaThread "Build operations Thread 12" [_thread_blocked, id=14572, stack(0x00000000267e0000,0x00000000268e0000)]
  0x0000000021ba5800 JavaThread "Build operations Thread 11" [_thread_blocked, id=7240, stack(0x0000000025280000,0x0000000025380000)]
  0x0000000021bab800 JavaThread "Build operations Thread 10" [_thread_blocked, id=6700, stack(0x0000000024110000,0x0000000024210000)]
  0x0000000021ba4000 JavaThread "Build operations Thread 9" [_thread_blocked, id=9976, stack(0x0000000023a10000,0x0000000023b10000)]
  0x0000000026aae000 JavaThread "Build operations Thread 8" [_thread_blocked, id=1088, stack(0x0000000023910000,0x0000000023a10000)]
  0x0000000026ab0000 JavaThread "Build operations Thread 7" [_thread_blocked, id=10324, stack(0x0000000023810000,0x0000000023910000)]
  0x0000000026aa6800 JavaThread "Build operations Thread 6" [_thread_blocked, id=5300, stack(0x0000000023710000,0x0000000023810000)]
  0x0000000026aa7000 JavaThread "Build operations Thread 5" [_thread_blocked, id=13092, stack(0x0000000023610000,0x0000000023710000)]
  0x0000000026aad000 JavaThread "Build operations Thread 4" [_thread_blocked, id=2676, stack(0x0000000023510000,0x0000000023610000)]
  0x0000000026aac800 JavaThread "Build operations Thread 3" [_thread_blocked, id=13764, stack(0x0000000023410000,0x0000000023510000)]
  0x0000000026aaa000 JavaThread "Build operations Thread 2" [_thread_blocked, id=13488, stack(0x0000000023310000,0x0000000023410000)]
  0x0000000026aa8000 JavaThread "Build operations" [_thread_blocked, id=17040, stack(0x0000000022e40000,0x0000000022f40000)]
  0x0000000026aa5800 JavaThread "Cache worker for cache directory md-rule (C:\Users\Admin\.gradle\caches\5.6.2\md-rule)" [_thread_blocked, id=5548, stack(0x0000000022d40000,0x0000000022e40000)]
  0x0000000026aa9800 JavaThread "Cache worker for cache directory md-supplier (C:\Users\Admin\.gradle\caches\5.6.2\md-supplier)" [_thread_blocked, id=16884, stack(0x0000000022c40000,0x0000000022d40000)]
  0x0000000026aab800 JavaThread "Cache worker for file hash cache (D:\project\PROJECT\flutter_alarm_clock\android\.gradle\5.6.2\fileHashes)" [_thread_blocked, id=9048, stack(0x0000000022b40000,0x0000000022c40000)]
  0x0000000026aa2000 JavaThread "Thread-51" [_thread_blocked, id=16848, stack(0x0000000020fb0000,0x00000000210b0000)]
  0x0000000026aa8800 JavaThread "Stdin handler" [_thread_blocked, id=5096, stack(0x000000001d160000,0x000000001d260000)]
  0x0000000026aa3800 JavaThread "Asynchronous log dispatcher for DefaultDaemonConnection: socket connection from /127.0.0.1:53826 to /127.0.0.1:57958" [_thread_blocked, id=15036, stack(0x000000001ce60000,0x000000001cf60000)]
  0x0000000026aa2800 JavaThread "Cancel handler" [_thread_blocked, id=13416, stack(0x000000001cb60000,0x000000001cc60000)]
  0x0000000026aa5000 JavaThread "Handler for socket connection from /127.0.0.1:53826 to /127.0.0.1:57958" [_thread_in_native, id=7224, stack(0x0000000000880000,0x0000000000980000)]
  0x0000000026aae800 JavaThread "Exec process Thread 3" [_thread_in_native, id=13016, stack(0x0000000028ab0000,0x0000000028bb0000)]
  0x0000000026ab1000 JavaThread "Exec process Thread 2" [_thread_in_native, id=14032, stack(0x00000000289b0000,0x0000000028ab0000)]
  0x0000000026aaf800 JavaThread "Exec process" [_thread_in_native, id=9792, stack(0x00000000288b0000,0x00000000289b0000)]
  0x0000000021bb0000 JavaThread "Cache worker for file content cache (C:\Users\Admin\.gradle\caches\5.6.2\fileContent)" [_thread_blocked, id=16888, stack(0x0000000024d30000,0x0000000024e30000)]
  0x0000000021bb1000 JavaThread "Memory manager" [_thread_blocked, id=16348, stack(0x0000000024410000,0x0000000024510000)]
  0x0000000021bab000 JavaThread "Cache worker for execution history cache (C:\Users\Admin\.gradle\caches\5.6.2\executionHistory)" [_thread_blocked, id=15808, stack(0x0000000023210000,0x0000000023310000)]
  0x0000000019be8000 JavaThread "Cache worker for journal cache (C:\Users\Admin\.gradle\caches\journal-1)" [_thread_blocked, id=9736, stack(0x000000001d660000,0x000000001d760000)]
  0x0000000019be7000 JavaThread "File lock request listener" [_thread_in_native, id=11484, stack(0x000000001d560000,0x000000001d660000)]
  0x0000000019be5800 JavaThread "Cache worker for file hash cache (C:\Users\Admin\.gradle\caches\5.6.2\fileHashes)" [_thread_blocked, id=16148, stack(0x000000001d460000,0x000000001d560000)]
  0x000000001b48d800 JavaThread "Daemon worker" [_thread_blocked, id=7684, stack(0x000000001d060000,0x000000001d160000)]
  0x000000001b417000 JavaThread "Daemon" [_thread_blocked, id=16880, stack(0x000000001ca60000,0x000000001cb60000)]
  0x000000001b40d800 JavaThread "Daemon periodic checks" [_thread_blocked, id=8092, stack(0x000000001c960000,0x000000001ca60000)]
  0x000000001b420800 JavaThread "Incoming local TCP Connector on port 53826" [_thread_in_native, id=10028, stack(0x000000001c720000,0x000000001c820000)]
  0x000000001b390800 JavaThread "Daemon health stats" [_thread_blocked, id=11360, stack(0x000000001c0e0000,0x000000001c1e0000)]
  0x0000000017d8f800 JavaThread "Service Thread" daemon [_thread_blocked, id=12552, stack(0x0000000019740000,0x0000000019840000)]
  0x0000000017d04800 JavaThread "C1 CompilerThread3" daemon [_thread_blocked, id=14888, stack(0x0000000019640000,0x0000000019740000)]
  0x0000000017d04000 JavaThread "C2 CompilerThread2" daemon [_thread_blocked, id=1956, stack(0x0000000019540000,0x0000000019640000)]
  0x0000000017d01000 JavaThread "C2 CompilerThread1" daemon [_thread_blocked, id=3404, stack(0x0000000019440000,0x0000000019540000)]
=>0x000000001660a000 JavaThread "C2 CompilerThread0" daemon [_thread_in_native, id=3152, stack(0x0000000019340000,0x0000000019440000)]
  0x0000000016608000 JavaThread "Attach Listener" daemon [_thread_blocked, id=12960, stack(0x0000000019240000,0x0000000019340000)]
  0x0000000016605000 JavaThread "Signal Dispatcher" daemon [_thread_blocked, id=15852, stack(0x0000000019140000,0x0000000019240000)]
  0x0000000016602000 JavaThread "Finalizer" daemon [_thread_blocked, id=2964, stack(0x0000000018f40000,0x0000000019040000)]
  0x0000000017ce3000 JavaThread "Reference Handler" daemon [_thread_blocked, id=12896, stack(0x0000000018e40000,0x0000000018f40000)]
  0x00000000001ee800 JavaThread "main" [_thread_blocked, id=7844, stack(0x0000000002340000,0x0000000002440000)]

Other Threads:
  0x00000000165f5800 VMThread [stack: 0x0000000018d40000,0x0000000018e40000] [id=2340]
  0x0000000017d90800 WatcherThread [stack: 0x0000000019840000,0x0000000019940000] [id=13868]

VM state:not at safepoint (normal execution)

VM Mutex/Monitor currently owned by a thread: None

heap address: 0x00000000a0000000, size: 1536 MB, Compressed Oops mode: 32-bit
Narrow klass base: 0x0000000000000000, Narrow klass shift: 3
Compressed class space size: 1073741824 Address: 0x0000000100000000

Heap:
 PSYoungGen      total 212992K, used 178885K [0x00000000e0000000, 0x00000000efa80000, 0x0000000100000000)
  eden space 195072K, 82% used [0x00000000e0000000,0x00000000e9d742d0,0x00000000ebe80000)
  from space 17920K, 98% used [0x00000000ee900000,0x00000000efa3d438,0x00000000efa80000)
  to   space 25600K, 0% used [0x00000000ec880000,0x00000000ec880000,0x00000000ee180000)
 ParOldGen       total 146432K, used 38829K [0x00000000a0000000, 0x00000000a8f00000, 0x00000000e0000000)
  object space 146432K, 26% used [0x00000000a0000000,0x00000000a25eb530,0x00000000a8f00000)
 Metaspace       used 68778K, capacity 72428K, committed 72616K, reserved 1112064K
  class space    used 9267K, capacity 10126K, committed 10152K, reserved 1048576K

Card table byte_map: [0x0000000011a00000,0x0000000011d10000] byte_map_base: 0x0000000011500000

Marking Bits: (ParMarkBitMap*) 0x000000006382f030
 Begin Bits: [0x0000000012910000, 0x0000000014110000)
 End Bits:   [0x0000000014110000, 0x0000000015910000)

Polling page: 0x0000000000b60000

CodeCache: size=245760Kb used=26809Kb max_used=26825Kb free=218950Kb
 bounds [0x0000000002640000, 0x0000000004090000, 0x0000000011640000]
 total_blobs=9343 nmethods=8536 adapters=719
 compilation: enabled

Compilation events (10 events):
Event: 62.914 Thread 0x0000000017d01000 nmethod 9661 0x0000000004066150 code [0x00000000040662a0, 0x0000000004066478]
Event: 62.914 Thread 0x0000000017d01000 9656       4       com.google.common.cache.LocalCache$Segment::scheduleRefresh (66 bytes)
Event: 62.915 Thread 0x0000000017d01000 nmethod 9656 0x0000000004064c90 code [0x0000000004064dc0, 0x0000000004064e78]
Event: 62.915 Thread 0x0000000017d01000 9654       4       com.google.common.collect.Interners$InternerImpl::intern (50 bytes)
Event: 62.920 Thread 0x0000000017d04000 nmethod 9660 0x000000000406dad0 code [0x000000000406dce0, 0x000000000406f1e8]
Event: 62.920 Thread 0x0000000017d04000 9114       4       org.gradle.internal.operations.DefaultBuildOperationExecutor::createDescriptor (47 bytes)
Event: 62.924 Thread 0x0000000017d01000 nmethod 9654 0x000000000406a750 code [0x000000000406a920, 0x000000000406b068]
Event: 62.924 Thread 0x0000000017d01000 9655       4       com.google.common.cache.LongAdder::add (108 bytes)
Event: 62.925 Thread 0x0000000017d04000 nmethod 9114 0x000000000405cd10 code [0x000000000405ce80, 0x000000000405d1f8]
Event: 62.925 Thread 0x0000000017d01000 nmethod 9655 0x0000000004070950 code [0x0000000004070a80, 0x0000000004070b38]

GC Heap History (10 events):
Event: 6.693 GC heap before
{Heap before GC invocations=13 (full 2):
 PSYoungGen      total 141312K, used 141065K [0x00000000e0000000, 0x00000000e9c80000, 0x0000000100000000)
  eden space 127488K, 100% used [0x00000000e0000000,0x00000000e7c80000,0x00000000e7c80000)
  from space 13824K, 98% used [0x00000000e8f00000,0x00000000e9c426c0,0x00000000e9c80000)
  to   space 15360K, 0% used [0x00000000e7e80000,0x00000000e7e80000,0x00000000e8d80000)
 ParOldGen       total 95232K, used 19539K [0x00000000a0000000, 0x00000000a5d00000, 0x00000000e0000000)
  object space 95232K, 20% used [0x00000000a0000000,0x00000000a1314e18,0x00000000a5d00000)
 Metaspace       used 50371K, capacity 51804K, committed 52136K, reserved 1093632K
  class space    used 6795K, capacity 7224K, committed 7336K, reserved 1048576K
Event: 6.705 GC heap after
Heap after GC invocations=13 (full 2):
 PSYoungGen      total 144896K, used 15350K [0x00000000e0000000, 0x00000000ec180000, 0x0000000100000000)
  eden space 129536K, 0% used [0x00000000e0000000,0x00000000e0000000,0x00000000e7e80000)
  from space 15360K, 99% used [0x00000000e7e80000,0x00000000e8d7da58,0x00000000e8d80000)
  to   space 17920K, 0% used [0x00000000eb000000,0x00000000eb000000,0x00000000ec180000)
 ParOldGen       total 95232K, used 21568K [0x00000000a0000000, 0x00000000a5d00000, 0x00000000e0000000)
  object space 95232K, 22% used [0x00000000a0000000,0x00000000a15102b8,0x00000000a5d00000)
 Metaspace       used 50371K, capacity 51804K, committed 52136K, reserved 1093632K
  class space    used 6795K, capacity 7224K, committed 7336K, reserved 1048576K
}
Event: 7.706 GC heap before
{Heap before GC invocations=14 (full 2):
 PSYoungGen      total 144896K, used 144886K [0x00000000e0000000, 0x00000000ec180000, 0x0000000100000000)
  eden space 129536K, 100% used [0x00000000e0000000,0x00000000e7e80000,0x00000000e7e80000)
  from space 15360K, 99% used [0x00000000e7e80000,0x00000000e8d7da58,0x00000000e8d80000)
  to   space 17920K, 0% used [0x00000000eb000000,0x00000000eb000000,0x00000000ec180000)
 ParOldGen       total 95232K, used 21568K [0x00000000a0000000, 0x00000000a5d00000, 0x00000000e0000000)
  object space 95232K, 22% used [0x00000000a0000000,0x00000000a15102b8,0x00000000a5d00000)
 Metaspace       used 56751K, capacity 58712K, committed 59048K, reserved 1099776K
  class space    used 7734K, capacity 8274K, committed 8360K, reserved 1048576K
Event: 7.722 GC heap after
Heap after GC invocations=14 (full 2):
 PSYoungGen      total 174592K, used 17909K [0x00000000e0000000, 0x00000000ed100000, 0x0000000100000000)
  eden space 156672K, 0% used [0x00000000e0000000,0x00000000e0000000,0x00000000e9900000)
  from space 17920K, 99% used [0x00000000eb000000,0x00000000ec17d548,0x00000000ec180000)
  to   space 23552K, 0% used [0x00000000e9900000,0x00000000e9900000,0x00000000eb000000)
 ParOldGen       total 95232K, used 29909K [0x00000000a0000000, 0x00000000a5d00000, 0x00000000e0000000)
  object space 95232K, 31% used [0x00000000a0000000,0x00000000a1d35530,0x00000000a5d00000)
 Metaspace       used 56751K, capacity 58712K, committed 59048K, reserved 1099776K
  class space    used 7734K, capacity 8274K, committed 8360K, reserved 1048576K
}
Event: 7.967 GC heap before
{Heap before GC invocations=15 (full 2):
 PSYoungGen      total 174592K, used 37228K [0x00000000e0000000, 0x00000000ed100000, 0x0000000100000000)
  eden space 156672K, 12% used [0x00000000e0000000,0x00000000e12dde20,0x00000000e9900000)
  from space 17920K, 99% used [0x00000000eb000000,0x00000000ec17d548,0x00000000ec180000)
  to   space 23552K, 0% used [0x00000000e9900000,0x00000000e9900000,0x00000000eb000000)
 ParOldGen       total 95232K, used 29909K [0x00000000a0000000, 0x00000000a5d00000, 0x00000000e0000000)
  object space 95232K, 31% used [0x00000000a0000000,0x00000000a1d35530,0x00000000a5d00000)
 Metaspace       used 57168K, capacity 59150K, committed 59160K, reserved 1099776K
  class space    used 7769K, capacity 8352K, committed 8360K, reserved 1048576K
Event: 7.979 GC heap after
Heap after GC invocations=15 (full 2):
 PSYoungGen      total 180224K, used 1848K [0x00000000e0000000, 0x00000000f0080000, 0x0000000100000000)
  eden space 156672K, 0% used [0x00000000e0000000,0x00000000e0000000,0x00000000e9900000)
  from space 23552K, 7% used [0x00000000e9900000,0x00000000e9ace218,0x00000000eb000000)
  to   space 24064K, 0% used [0x00000000ee900000,0x00000000ee900000,0x00000000f0080000)
 ParOldGen       total 95232K, used 45775K [0x00000000a0000000, 0x00000000a5d00000, 0x00000000e0000000)
  object space 95232K, 48% used [0x00000000a0000000,0x00000000a2cb3e98,0x00000000a5d00000)
 Metaspace       used 57168K, capacity 59150K, committed 59160K, reserved 1099776K
  class space    used 7769K, capacity 8352K, committed 8360K, reserved 1048576K
}
Event: 7.979 GC heap before
{Heap before GC invocations=16 (full 3):
 PSYoungGen      total 180224K, used 1848K [0x00000000e0000000, 0x00000000f0080000, 0x0000000100000000)
  eden space 156672K, 0% used [0x00000000e0000000,0x00000000e0000000,0x00000000e9900000)
  from space 23552K, 7% used [0x00000000e9900000,0x00000000e9ace218,0x00000000eb000000)
  to   space 24064K, 0% used [0x00000000ee900000,0x00000000ee900000,0x00000000f0080000)
 ParOldGen       total 95232K, used 45775K [0x00000000a0000000, 0x00000000a5d00000, 0x00000000e0000000)
  object space 95232K, 48% used [0x00000000a0000000,0x00000000a2cb3e98,0x00000000a5d00000)
 Metaspace       used 57168K, capacity 59150K, committed 59160K, reserved 1099776K
  class space    used 7769K, capacity 8352K, committed 8360K, reserved 1048576K
Event: 8.160 GC heap after
Heap after GC invocations=16 (full 3):
 PSYoungGen      total 180224K, used 0K [0x00000000e0000000, 0x00000000f0080000, 0x0000000100000000)
  eden space 156672K, 0% used [0x00000000e0000000,0x00000000e0000000,0x00000000e9900000)
  from space 23552K, 0% used [0x00000000e9900000,0x00000000e9900000,0x00000000eb000000)
  to   space 24064K, 0% used [0x00000000ee900000,0x00000000ee900000,0x00000000f0080000)
 ParOldGen       total 146432K, used 38821K [0x00000000a0000000, 0x00000000a8f00000, 0x00000000e0000000)
  object space 146432K, 26% used [0x00000000a0000000,0x00000000a25e9530,0x00000000a8f00000)
 Metaspace       used 57168K, capacity 59150K, committed 59160K, reserved 1099776K
  class space    used 7769K, capacity 8352K, committed 8360K, reserved 1048576K
}
Event: 9.921 GC heap before
{Heap before GC invocations=17 (full 3):
 PSYoungGen      total 180224K, used 156672K [0x00000000e0000000, 0x00000000f0080000, 0x0000000100000000)
  eden space 156672K, 100% used [0x00000000e0000000,0x00000000e9900000,0x00000000e9900000)
  from space 23552K, 0% used [0x00000000e9900000,0x00000000e9900000,0x00000000eb000000)
  to   space 24064K, 0% used [0x00000000ee900000,0x00000000ee900000,0x00000000f0080000)
 ParOldGen       total 146432K, used 38821K [0x00000000a0000000, 0x00000000a8f00000, 0x00000000e0000000)
  object space 146432K, 26% used [0x00000000a0000000,0x00000000a25e9530,0x00000000a8f00000)
 Metaspace       used 63905K, capacity 67200K, committed 67368K, reserved 1107968K
  class space    used 8864K, capacity 9643K, committed 9768K, reserved 1048576K
Event: 9.941 GC heap after
Heap after GC invocations=17 (full 3):
 PSYoungGen      total 212992K, used 17653K [0x00000000e0000000, 0x00000000efa80000, 0x0000000100000000)
  eden space 195072K, 0% used [0x00000000e0000000,0x00000000e0000000,0x00000000ebe80000)
  from space 17920K, 98% used [0x00000000ee900000,0x00000000efa3d438,0x00000000efa80000)
  to   space 25600K, 0% used [0x00000000ec880000,0x00000000ec880000,0x00000000ee180000)
 ParOldGen       total 146432K, used 38829K [0x00000000a0000000, 0x00000000a8f00000, 0x00000000e0000000)
  object space 146432K, 26% used [0x00000000a0000000,0x00000000a25eb530,0x00000000a8f00000)
 Metaspace       used 63905K, capacity 67200K, committed 67368K, reserved 1107968K
  class space    used 8864K, capacity 9643K, committed 9768K, reserved 1048576K
}

Deoptimization events (10 events):
Event: 61.706 Thread 0x000000001b48d800 Uncommon trap: reason=unstable_if action=reinterpret pc=0x0000000002ff81dc method=org.gradle.cache.internal.DefaultCrossBuildInMemoryCacheFactory$AbstractCrossBuildInMemoryCache.getIfPresent(Ljava/lang/Object;)Ljava/lang/Object; @ 24
Event: 61.725 Thread 0x000000001b48d800 Uncommon trap: reason=unstable_if action=reinterpret pc=0x0000000003b92f10 method=com.google.common.collect.Hashing.smearedHash(Ljava/lang/Object;)I @ 1
Event: 61.725 Thread 0x000000001b48d800 Uncommon trap: reason=unstable_if action=reinterpret pc=0x0000000003c76c20 method=com.google.common.collect.Hashing.smearedHash(Ljava/lang/Object;)I @ 1
Event: 61.725 Thread 0x000000001b48d800 Uncommon trap: reason=unstable_if action=reinterpret pc=0x00000000027f5354 method=com.google.common.collect.Hashing.smearedHash(Ljava/lang/Object;)I @ 1
Event: 61.726 Thread 0x000000001b48d800 Uncommon trap: reason=unstable_if action=reinterpret pc=0x00000000033e0804 method=com.google.common.collect.Hashing.smearedHash(Ljava/lang/Object;)I @ 1
Event: 61.891 Thread 0x0000000026aae000 Uncommon trap: reason=unstable_if action=reinterpret pc=0x00000000027f1ba4 method=java.util.concurrent.locks.LockSupport.unpark(Ljava/lang/Thread;)V @ 1
Event: 61.969 Thread 0x000000001b48d800 Uncommon trap: reason=class_check action=maybe_recompile pc=0x0000000003b05468 method=java.util.regex.Pattern$Loop.match(Ljava/util/regex/Matcher;ILjava/lang/CharSequence;)Z @ 139
Event: 61.972 Thread 0x000000001b48d800 Uncommon trap: reason=class_check action=maybe_recompile pc=0x0000000003b05468 method=java.util.regex.Pattern$Loop.match(Ljava/util/regex/Matcher;ILjava/lang/CharSequence;)Z @ 139
Event: 62.122 Thread 0x000000001b48d800 Uncommon trap: reason=unstable_if action=reinterpret pc=0x0000000003d790e8 method=java.io.LineNumberReader.read([CII)I @ 39
Event: 62.758 Thread 0x0000000021ba7000 Uncommon trap: reason=unstable_if action=reinterpret pc=0x0000000003d5f2ec method=java.util.concurrent.ConcurrentLinkedQueue.offer(Ljava/lang/Object;)Z @ 91

Classes redefined (0 events):
No events

Internal exceptions (10 events):
Event: 13.195 Thread 0x000000001b48d800 Implicit null exception at 0x0000000002cd7cea to 0x0000000002cd7f61
Event: 13.260 Thread 0x000000001b417000 Exception <a 'java/lang/NoSuchMethodError': <clinit>> (0x00000000e3057d28) thrown at [C:\src\AOSP-openjdk-git\hotspot\src\share\vm\prims\jni.cpp, line 1615]
Event: 13.261 Thread 0x000000001b417000 Exception <a 'java/lang/NoSuchMethodError': <clinit>> (0x00000000e3069aa8) thrown at [C:\src\AOSP-openjdk-git\hotspot\src\share\vm\prims\jni.cpp, line 1615]
Event: 13.261 Thread 0x000000001b417000 Exception <a 'java/lang/NoSuchMethodError': <clinit>> (0x00000000e306bf58) thrown at [C:\src\AOSP-openjdk-git\hotspot\src\share\vm\prims\jni.cpp, line 1615]
Event: 13.262 Thread 0x000000001b417000 Exception <a 'java/lang/NoSuchMethodError': <clinit>> (0x00000000e307c0b8) thrown at [C:\src\AOSP-openjdk-git\hotspot\src\share\vm\prims\jni.cpp, line 1615]
Event: 13.262 Thread 0x000000001b417000 Exception <a 'java/lang/NoSuchMethodError': <clinit>> (0x00000000e3087468) thrown at [C:\src\AOSP-openjdk-git\hotspot\src\share\vm\prims\jni.cpp, line 1615]
Event: 61.725 Thread 0x000000001b48d800 Implicit null exception at 0x0000000003b92c74 to 0x0000000003b92f05
Event: 61.725 Thread 0x000000001b48d800 Implicit null exception at 0x0000000003c76675 to 0x0000000003c76c01
Event: 61.725 Thread 0x000000001b48d800 Implicit null exception at 0x00000000027f5154 to 0x00000000027f5349
Event: 61.726 Thread 0x000000001b48d800 Implicit null exception at 0x00000000033e076f to 0x00000000033e07f6

Events (10 events):
Event: 62.834 Executing VM operation: RevokeBias done
Event: 62.838 Executing VM operation: RevokeBias
Event: 62.838 Executing VM operation: RevokeBias done
Event: 62.838 Executing VM operation: RevokeBias
Event: 62.839 Executing VM operation: RevokeBias done
Event: 62.877 Executing VM operation: RevokeBias
Event: 62.878 Executing VM operation: RevokeBias done
Event: 62.878 Executing VM operation: RevokeBias
Event: 62.878 Executing VM operation: RevokeBias done
Event: 62.884 Thread 0x0000000017d04800 flushing nmethod 0x0000000003de7090


Dynamic libraries:
0x00007ff7c8340000 - 0x00007ff7c8371000 	E:\Program Files\Android\Android Studio\jre\bin\java.exe
0x00007ff800070000 - 0x00007ff800265000 	C:\WINDOWS\SYSTEM32\ntdll.dll
0x00007fffffd70000 - 0x00007fffffe2d000 	C:\WINDOWS\System32\KERNEL32.DLL
0x00007ffffd800000 - 0x00007ffffdac8000 	C:\WINDOWS\System32\KERNELBASE.dll
0x00007fffffcc0000 - 0x00007fffffd6c000 	C:\WINDOWS\System32\ADVAPI32.dll
0x00007fffff3e0000 - 0x00007fffff47e000 	C:\WINDOWS\System32\msvcrt.dll
0x00007fffff5b0000 - 0x00007fffff64b000 	C:\WINDOWS\System32\sechost.dll
0x00007fffff240000 - 0x00007fffff36b000 	C:\WINDOWS\System32\RPCRT4.dll
0x00007ffffe0d0000 - 0x00007ffffe270000 	C:\WINDOWS\System32\USER32.dll
0x00007ffffd7a0000 - 0x00007ffffd7c2000 	C:\WINDOWS\System32\win32u.dll
0x00007ffffead0000 - 0x00007ffffeafa000 	C:\WINDOWS\System32\GDI32.dll
0x00007ffffdbd0000 - 0x00007ffffdcdb000 	C:\WINDOWS\System32\gdi32full.dll
0x00007ffffdfe0000 - 0x00007ffffe07d000 	C:\WINDOWS\System32\msvcp_win.dll
0x00007ffffdad0000 - 0x00007ffffdbd0000 	C:\WINDOWS\System32\ucrtbase.dll
0x00007fffd69d0000 - 0x00007fffd6c6a000 	C:\WINDOWS\WinSxS\amd64_microsoft.windows.common-controls_6595b64144ccf1df_6.0.19041.1052_none_60b8f8fd71f5e8cb\COMCTL32.dll
0x00007ffffe580000 - 0x00007ffffe5b0000 	C:\WINDOWS\System32\IMM32.DLL
0x00000000608e0000 - 0x00000000609b2000 	E:\Program Files\Android\Android Studio\jre\jre\bin\msvcr100.dll
0x0000000063060000 - 0x00000000638ab000 	E:\Program Files\Android\Android Studio\jre\jre\bin\server\jvm.dll
0x00007fffff5a0000 - 0x00007fffff5a8000 	C:\WINDOWS\System32\PSAPI.DLL
0x00007fffee480000 - 0x00007fffee4a7000 	C:\WINDOWS\SYSTEM32\WINMM.dll
0x00007fffdfc00000 - 0x00007fffdfc09000 	C:\WINDOWS\SYSTEM32\WSOCK32.dll
0x00007ffff7a50000 - 0x00007ffff7a5a000 	C:\WINDOWS\SYSTEM32\VERSION.dll
0x00007fffff370000 - 0x00007fffff3db000 	C:\WINDOWS\System32\WS2_32.dll
0x00007ffff8ff0000 - 0x00007ffff8fff000 	E:\Program Files\Android\Android Studio\jre\jre\bin\verify.dll
0x00007ffff8fc0000 - 0x00007ffff8fe9000 	E:\Program Files\Android\Android Studio\jre\jre\bin\java.dll
0x00007ffff8fa0000 - 0x00007ffff8fb6000 	E:\Program Files\Android\Android Studio\jre\jre\bin\zip.dll
0x00007ffffeb00000 - 0x00007fffff23f000 	C:\WINDOWS\System32\SHELL32.dll
0x00007ffffb8f0000 - 0x00007ffffc080000 	C:\WINDOWS\SYSTEM32\windows.storage.dll
0x00007fffff8a0000 - 0x00007fffffbf5000 	C:\WINDOWS\System32\combase.dll
0x00007ffffd210000 - 0x00007ffffd23c000 	C:\WINDOWS\SYSTEM32\Wldp.dll
0x00007ffffe5b0000 - 0x00007ffffe65e000 	C:\WINDOWS\System32\SHCORE.dll
0x00007fffffc00000 - 0x00007fffffc55000 	C:\WINDOWS\System32\shlwapi.dll
0x00007ffffd6e0000 - 0x00007ffffd6ff000 	C:\WINDOWS\SYSTEM32\profapi.dll
0x00007ffff8f80000 - 0x00007ffff8f9a000 	E:\Program Files\Android\Android Studio\jre\jre\bin\net.dll
0x00007ffffcf80000 - 0x00007ffffcfea000 	C:\WINDOWS\system32\mswsock.dll
0x00007ffff8f60000 - 0x00007ffff8f73000 	E:\Program Files\Android\Android Studio\jre\jre\bin\nio.dll
0x00007fffc8530000 - 0x00007fffc8556000 	C:\Users\Admin\.gradle\native\30\windows-amd64\native-platform.dll
0x00007ffff8f50000 - 0x00007ffff8f5d000 	E:\Program Files\Android\Android Studio\jre\jre\bin\management.dll
0x00007ffffd160000 - 0x00007ffffd178000 	C:\WINDOWS\SYSTEM32\CRYPTSP.dll
0x00007ffffc8b0000 - 0x00007ffffc8e4000 	C:\WINDOWS\system32\rsaenh.dll
0x00007ffffd7d0000 - 0x00007ffffd7f7000 	C:\WINDOWS\System32\bcrypt.dll
0x00007ffffd6a0000 - 0x00007ffffd6ce000 	C:\WINDOWS\SYSTEM32\USERENV.dll
0x00007ffffdea0000 - 0x00007ffffdf23000 	C:\WINDOWS\System32\bcryptprimitives.dll
0x00007ffffd150000 - 0x00007ffffd15c000 	C:\WINDOWS\SYSTEM32\CRYPTBASE.dll
0x00007ffffcc20000 - 0x00007ffffcc5b000 	C:\WINDOWS\SYSTEM32\IPHLPAPI.DLL
0x00007ff800000000 - 0x00007ff800008000 	C:\WINDOWS\System32\NSI.dll
0x00007ffff6bc0000 - 0x00007ffff6bd7000 	C:\WINDOWS\SYSTEM32\dhcpcsvc6.DLL
0x00007ffff6b80000 - 0x00007ffff6b9d000 	C:\WINDOWS\SYSTEM32\dhcpcsvc.DLL
0x00007ffffcc60000 - 0x00007ffffcd2c000 	C:\WINDOWS\SYSTEM32\DNSAPI.dll

VM Arguments:
jvm_args: -Xmx1536M -Dfile.encoding=windows-1252 -Duser.country=US -Duser.language=en -Duser.variant 
java_command: org.gradle.launcher.daemon.bootstrap.GradleDaemon 5.6.2
java_class_path (initial): C:\Users\Admin\.gradle\wrapper\dists\gradle-5.6.2-all\9st6wgf78h16so49nn74lgtbb\gradle-5.6.2\lib\gradle-launcher-5.6.2.jar
Launcher Type: SUN_STANDARD

Environment Variables:
JAVA_HOME=E:\Program Files\Android\Android Studio\jre
CLASSPATH=D:\project\PROJECT\flutter_alarm_clock\android\\gradle\wrapper\gradle-wrapper.jar
PATH=C:\Users\Admin\AppData\Local\Programs\Python\Python39\Scripts\;C:\Users\Admin\AppData\Local\Programs\Python\Python39\;C:\Python39\Scripts\;C:\Python39\;E:\Oracal2\bin;E:\Oracle\bin;C:\Program Files\Common Files\Oracle\Java\javapath;C:\Windows\system32;C:\Windows;C:\Windows\System32\Wbem;C:\Windows\System32\WindowsPowerShell\v1.0\;C:\Windows\System32\OpenSSH\;C:\Program Files (x86)\NVIDIA Corporation\PhysX\Common;C:\Program Files\NVIDIA Corporation\NVIDIA NvDLISR;C:\Program Files\Intel\WiFi\bin\;C:\Program Files\Common Files\Intel\WirelessCommon\;C:\Program Files\Java\jdk-11.0.10\bin;C:\WINDOWS\system32;C:\WINDOWS;C:\WINDOWS\System32\Wbem;C:\WINDOWS\System32\WindowsPowerShell\v1.0\;C:\WINDOWS\System32\OpenSSH\;C:\apache-maven-3.6.3\bin;C:\Program Files\Microsoft SQL Server\Client SDK\ODBC\110\Tools\Binn\;C:\Program Files\Microsoft SQL Server\Client SDK\ODBC\170\Tools\Binn\;C:\Program Files\Microsoft SQL Server\120\DTS\Binn\;C:\Program Files (x86)\Microsoft SQL Server\120\Tools\Binn\;C:\Program Files\Microsoft SQL Server\120\Tools\Binn\;C:\Program Files (x86)\Microsoft SQL Server\120\Tools\Binn\ManagementStudio\;C:\Program Files (x86)\Microsoft SQL Server\120\DTS\Binn\;C:\Program Files (x86)\Microsoft SQL Server\150\Tools\Binn\;C:\Program Files\Microsoft SQL Server\150\Tools\Binn\;C:\Program Files\Microsoft SQL Server\150\DTS\Binn\;C:\Program Files\Azure Data Studio\bin;C:\Program Files\dotnet\;C:\Program Files (x86)\dotnet\;C:\Program Files\MongoDB\Server\4.4\bin;C:\ProgramData\chocolatey\bin;C:\Program Files\Git\cmd;C:\Users\Admin\AppData\Local\Microsoft\WindowsApps;C:\Program Files\Azure Data Studio\bin;C:\Users\Admin\.dotnet\tools;E:\Program Files(x86)\IntelliJ IDEA Community Edition 2020.3.1\bin;;E:\Program Files\IntelliJ IDEA 2020.3.2\bin;;E:\Program Files\Microsoft VS Code\Microsoft VS Code\bin;E:\cài d?t\flutter\flutter\bin;E:\cài d?t\flutter\flutter;;E:\cài d?t\flutter\flutter\bin\mingit\cmd
USERNAME=Admin
OS=Windows_NT
PROCESSOR_IDENTIFIER=Intel64 Family 6 Model 158 Stepping 10, GenuineIntel



---------------  S Y S T E M  ---------------

OS: Windows 10.0 , 64 bit Build 19041 (10.0.19041.1023)

CPU:total 12 (initial active 12) (6 cores per cpu, 2 threads per core) family 6 model 158 stepping 10, cmov, cx8, fxsr, mmx, sse, sse2, sse3, ssse3, sse4.1, sse4.2, popcnt, avx, avx2, aes, clmul, erms, 3dnowpref, lzcnt, ht, tsc, tscinvbit, bmi1, bmi2, adx

Memory: 4k page, physical 8230320k(288784k free), swap 23161004k(5376k free)

vm_info: OpenJDK 64-Bit Server VM (25.242-b01) for windows-amd64 JRE (1.8.0_242-release-1644-b01), built by "builder" with MS VC++ 10.0 (VS2010)

time: Thu Jul 08 11:19:27 2021
timezone: SE Asia Standard Time
elapsed time: 63 seconds (0d 0h 1m 3s)

